GROUP,PACKAGE,CLASS,INSTRUCTION_MISSED,INSTRUCTION_COVERED,BRANCH_MISSED,BRANCH_COVERED,LINE_MISSED,LINE_COVERED,COMPLEXITY_MISSED,COMPLEXITY_COVERED,METHOD_MISSED,METHOD_COVERED
cart,com.yas.cart.mapper,CartItemMapper,0,44,0,0,0,23,0,5,0,5
cart,com.yas.cart.controller,CartItemController,0,39,0,0,0,10,0,5,0,5
cart,com.yas.cart.utils,Constants.ErrorCode,3,0,0,0,1,0,1,0,1,0
cart,com.yas.cart.utils,Constants,3,0,0,0,1,0,1,0,1,0
cart,com.yas.cart.viewmodel,CartItemPutVm,0,6,0,0,0,1,0,1,0,1
cart,com.yas.cart.viewmodel,ProductThumbnailVm,0,15,0,0,0,1,0,1,0,1
cart,com.yas.cart.viewmodel,CartItemPostVm,0,9,0,0,0,1,0,1,0,1
cart,com.yas.cart.viewmodel,CartItemGetVm,0,12,0,0,0,1,0,1,0,1
cart,com.yas.cart.viewmodel,CartItemDeleteVm,0,9,0,0,0,1,0,1,0,1
cart,com.yas.cart.service,ProductService,27,26,4,0,6,11,5,1,3,1
cart,com.yas.cart.service,ProductService.new ParameterizedTypeReference() {...},0,8,0,0,0,1,0,1,0,1
cart,com.yas.cart.service,AbstractCircuitBreakFallbackHandler,16,7,0,0,6,2,3,2,3,2
cart,com.yas.cart.service,CartItemService,8,280,1,11,3,59,2,19,1,14
