GROUP,PACKAGE,CLASS,INSTRUCTION_MISSED,INSTRUCTION_COVERED,BRANCH_MISSED,BRANCH_COVERED,LINE_MISSED,LINE_COVERED,COMPLEXITY_MISSED,COMPLEXITY_COVERED,METHOD_MISSED,METHOD_COVERED
payment,com.yas.payment.model.enumeration,PaymentMethod,0,21,0,0,0,2,0,1,0,1
payment,com.yas.payment.model.enumeration,PaymentStatus,0,21,0,0,0,4,0,1,0,1
payment,com.yas.payment.model,PaymentProvider,3,0,0,0,1,0,1,0,1,0
payment,com.yas.payment.mapper,CreatePaymentProviderMapperImpl,92,90,18,2,29,26,12,3,2,3
payment,com.yas.payment.mapper,PaymentProviderMapperImpl,72,44,13,1,22,15,9,2,2,2
payment,com.yas.payment.mapper,UpdatePaymentProviderMapperImpl,93,85,12,8,26,28,12,3,2,3
payment,com.yas.payment.service.provider.handler,AbstractPaymentHandler,0,11,0,0,0,4,0,2,0,2
payment,com.yas.payment.service.provider.handler,PaypalHandler,0,86,0,0,0,30,0,4,0,4
payment,com.yas.payment.utils,Constants,3,0,0,0,1,0,1,0,1,0
payment,com.yas.payment.utils,MessagesUtils,23,0,0,0,8,0,3,0,3,0
payment,com.yas.payment.utils,Constants.ErrorCode,8,0,0,0,2,0,1,0,1,0
payment,com.yas.payment.utils,Constants.Message,8,0,0,0,1,0,1,0,1,0
payment,com.yas.payment.controller,PaymentProviderController,0,28,0,0,0,9,0,4,0,4
payment,com.yas.payment.controller,PaymentController,0,13,0,0,0,3,0,3,0,3
payment,com.yas.payment.viewmodel,CapturePaymentRequestVm,0,9,0,0,0,1,0,1,0,1
payment,com.yas.payment.viewmodel,CheckoutStatusVm,0,9,0,0,0,1,0,1,0,1
payment,com.yas.payment.viewmodel,InitPaymentResponseVm,0,12,0,0,0,1,0,1,0,1
payment,com.yas.payment.viewmodel,InitPaymentRequestVm,0,12,0,0,0,1,0,1,0,1
payment,com.yas.payment.viewmodel,CapturePaymentResponseVm,0,27,0,0,0,1,0,1,0,1
payment,com.yas.payment.viewmodel,PaymentOrderStatusVm,0,15,0,0,0,1,0,1,0,1
payment,com.yas.payment.viewmodel,ErrorVm,24,0,0,0,3,0,2,0,2,0
payment,com.yas.payment.service,PaymentProviderService,0,136,0,2,0,31,0,11,0,10
payment,com.yas.payment.service,PaymentService,0,160,0,4,0,48,0,8,0,6
payment,com.yas.payment.service,MediaService,18,87,0,2,3,28,2,6,2,5
payment,com.yas.payment.service,AbstractCircuitBreakFallbackHandler,16,7,0,0,6,2,3,2,3,2
payment,com.yas.payment.service,MediaService.new ParameterizedTypeReference() {...},0,8,0,0,0,1,0,1,0,1
payment,com.yas.payment.service,OrderService,18,81,0,0,2,28,4,3,4,3
payment,com.yas.payment.viewmodel.paymentprovider,PaymentProviderReqVm,0,3,0,0,0,1,0,1,0,1
payment,com.yas.payment.viewmodel.paymentprovider,CreatePaymentVm,0,3,0,0,0,1,0,1,0,1
payment,com.yas.payment.viewmodel.paymentprovider,PaymentProviderVm,0,21,0,0,0,8,0,1,0,1
payment,com.yas.payment.viewmodel.paymentprovider,UpdatePaymentVm,0,3,0,0,0,1,0,1,0,1
payment,com.yas.payment.viewmodel.paymentprovider,MediaVm,0,18,0,0,0,7,0,1,0,1
